<?xml version="1.0" encoding="UTF-8" ?>
<testsuite tests="2" failures="0" name="ues.occ.edu.sv.ingenieria.prn335.ejemplo12.QueryTest" time="0.987" errors="0" skipped="0">
  <properties>
[...]
</properties>
  <testcase classname="ues.occ.edu.sv.ingenieria.prn335.ejemplo12.QueryTest" name="ues.occ.edu.sv.ingenieria.prn335.ejemplo12.QueryTest.testFindAll" time="0.738"/>
  <testcase classname="ues.occ.edu.sv.ingenieria.prn335.ejemplo12.QueryTest" name="ues.occ.edu.sv.ingenieria.prn335.ejemplo12.QueryTest.testQuery" time="0.249"/>
</testsuite>